Exporter version: 5.4.0, Blender version: 2.78 (sub 0)
========= Conversion from Blender to Babylon.js =========
	Scene settings used:
		selected layers only:  false
		flat shading entire scene:  false
		inline textures:  false
		texture directory:  D:\xampp\htdocs\chs-map-directory\assets\js\babylon\
	Python World class constructor completed
	WARNING: The following camera not visible in scene thus ignored: Camera
	processing begun of mesh:  Cube
		processing begun of baked material:  Cube
			Cycles baking texture, type: DIFFUSE, mapped using: BakingUV
		num positions      :  27
		num normals        :  27
		num uvs            :  54
		num uvs2           :  0
		num colors         :  0
		num indices        :  36
	processing begun of mesh:  G-__555564
		WARNING: Mixing of Cycles & Blender Render in same mesh not supported.  No materials exported.
		num positions      :  65533
		num normals        :  65533
		num uvs            :  131066
		num uvs2           :  0
		num colors         :  0
		num indices        :  92295
		WARNING: # of 0 area faces found:  77
	WARNING: The following mesh has exceeded the maximum # of vertex elements & will be broken into multiple Babylon meshes: G-__555564
	processing begun of mesh:  G-__5555641
		WARNING: Mixing of Cycles & Blender Render in same mesh not supported.  No materials exported.
		num positions      :  57282
		num normals        :  57282
		num uvs            :  114564
		num uvs2           :  0
		num colors         :  0
		num indices        :  77937
		WARNING: # of 0 area faces found:  74
	processing begun of mesh:  Cube.001
		WARNING: No materials have been assigned: 
		num positions      :  8
		num normals        :  8
		num uvs            :  0
		num uvs2           :  0
		num colors         :  0
		num indices        :  36
	processing begun of mesh:  Cube.002
		processing begun of baked material:  Cube.002
			Cycles baking texture, type: DIFFUSE, mapped using: BakingUV
		num positions      :  27
		num normals        :  27
		num uvs            :  54
		num uvs2           :  0
		num colors         :  0
		num indices        :  36
	processing begun of light (SUN):  Sun
========= Writing of scene file started =========
========= Writing of scene file completed =========
========= end of processing =========
elapsed time:  26 min, 13.2215 secs
